[0.255s] Invoking command in '/home/usuario/Documentos/GitHub/IR2117/minmax/build/minmax': CMAKE_PREFIX_PATH=${CMAKE_PREFIX_PATH}:/opt/ros/foxy /usr/bin/cmake --build /home/usuario/Documentos/GitHub/IR2117/minmax/build/minmax -- -j4 -l4
[0.292s] [35m[1mScanning dependencies of target min[0m
[0.318s] [ 50%] [32mBuilding CXX object CMakeFiles/min.dir/src/min.cpp.o[0m
[1.476s] [01m[K/home/usuario/Documentos/GitHub/IR2117/minmax/src/min.cpp:[m[K In function â€˜[01m[Kvoid topic_callback(std_msgs::msg::Int32_<std::allocator<void> >::SharedPtr)[m[Kâ€™:
[1.476s] [01m[K/home/usuario/Documentos/GitHub/IR2117/minmax/src/min.cpp:19:18:[m[K [01;31m[Kerror: [m[Kâ€˜[01m[Knumber[m[Kâ€™ was not declared in this scope; did you mean â€˜[01m[Knumbers[m[Kâ€™?
[1.477s]    19 |    max = numbers[[01;31m[Knumber[m[K]++;
[1.477s]       |                  [01;31m[K^~~~~~[m[K
[1.477s]       |                  [32m[Knumbers[m[K
[1.477s] [01m[K/home/usuario/Documentos/GitHub/IR2117/minmax/src/min.cpp:23:26:[m[K [01;31m[Kerror: [m[Kâ€˜[01m[Knumber[m[Kâ€™ was not declared in this scope; did you mean â€˜[01m[Knumbers[m[Kâ€™?
[1.477s]    23 |   min_msg.data = numbers[[01;31m[Knumber[m[K];
[1.478s]       |                          [01;31m[K^~~~~~[m[K
[1.478s]       |                          [32m[Knumbers[m[K
[2.840s] make[2]: *** [CMakeFiles/min.dir/build.make:63: CMakeFiles/min.dir/src/min.cpp.o] Error 1
[2.840s] make[1]: *** [CMakeFiles/Makefile2:78: CMakeFiles/min.dir/all] Error 2
[2.840s] make: *** [Makefile:141: all] Error 2
[2.842s] Invoked command in '/home/usuario/Documentos/GitHub/IR2117/minmax/build/minmax' returned '2': CMAKE_PREFIX_PATH=${CMAKE_PREFIX_PATH}:/opt/ros/foxy /usr/bin/cmake --build /home/usuario/Documentos/GitHub/IR2117/minmax/build/minmax -- -j4 -l4
